<?xml version="1.0" encoding="UTF-8"?>
<testng-results skipped="0" failed="0" ignored="0" total="1" passed="1">
  <reporter-output>
  </reporter-output>
  <suite name="Suite" duration-ms="3830" started-at="2023-04-17T08:45:44 IST" finished-at="2023-04-17T08:45:48 IST">
    <groups>
    </groups>
    <test name="Test" duration-ms="3830" started-at="2023-04-17T08:45:44 IST" finished-at="2023-04-17T08:45:48 IST">
      <class name="Heloo.Mercuryregistration">
        <test-method status="PASS" signature="browsera()[pri:0, instance:Heloo.Mercuryregistration@4232c52b]" name="browsera" is-config="true" duration-ms="7784" started-at="2023-04-17T08:45:37 IST" finished-at="2023-04-17T08:45:44 IST">
          <reporter-output>
          </reporter-output>
        </test-method> <!-- browsera -->
        <test-method status="PASS" signature="Bt()[pri:0, instance:Heloo.Mercuryregistration@4232c52b]" name="Bt" is-config="true" duration-ms="151" started-at="2023-04-17T08:45:44 IST" finished-at="2023-04-17T08:45:45 IST">
          <reporter-output>
          </reporter-output>
        </test-method> <!-- Bt -->
        <test-method status="PASS" signature="Test(java.lang.String,java.lang.String,java.lang.String,java.lang.String,java.lang.String,java.lang.String,java.lang.String,java.lang.String,java.lang.String,java.lang.String,java.lang.String)[pri:0, instance:Heloo.Mercuryregistration@4232c52b]" name="Test" duration-ms="3598" started-at="2023-04-17T08:45:45 IST" finished-at="2023-04-17T08:45:48 IST">
          <params>
            <param index="0">
              <value>
                <![CDATA[Roshan]]>
              </value>
            </param>
            <param index="1">
              <value>
                <![CDATA[Aware]]>
              </value>
            </param>
            <param index="2">
              <value>
                <![CDATA[80078192245]]>
              </value>
            </param>
            <param index="3">
              <value>
                <![CDATA[Roshan123@gmail.com]]>
              </value>
            </param>
            <param index="4">
              <value>
                <![CDATA[Pune]]>
              </value>
            </param>
            <param index="5">
              <value>
                <![CDATA[Amravati]]>
              </value>
            </param>
            <param index="6">
              <value>
                <![CDATA[maharatra]]>
              </value>
            </param>
            <param index="7">
              <value>
                <![CDATA[444806]]>
              </value>
            </param>
            <param index="8">
              <value>
                <![CDATA[Roshan@123]]>
              </value>
            </param>
            <param index="9">
              <value>
                <![CDATA[800719]]>
              </value>
            </param>
            <param index="10">
              <value>
                <![CDATA[800719]]>
              </value>
            </param>
          </params>
          <reporter-output>
          </reporter-output>
        </test-method> <!-- Test -->
      </class> <!-- Heloo.Mercuryregistration -->
    </test> <!-- Test -->
  </suite> <!-- Suite -->
</testng-results>
