<?xml version="1.0" encoding="UTF-8"?>
<testng-results skipped="0" failed="0" ignored="0" total="1" passed="1">
  <reporter-output>
  </reporter-output>
  <suite name="Default suite" duration-ms="62" started-at="2023-04-15T10:11:54 IST" finished-at="2023-04-15T10:11:54 IST">
    <groups>
    </groups>
    <test name="Default test" duration-ms="62" started-at="2023-04-15T10:11:54 IST" finished-at="2023-04-15T10:11:54 IST">
      <class name="Heloo.NewTest">
        <test-method status="PASS" signature="beforeSuite()[pri:0, instance:Heloo.NewTest@76f2b07d]" name="beforeSuite" is-config="true" duration-ms="11" started-at="2023-04-15T10:11:54 IST" finished-at="2023-04-15T10:11:54 IST">
          <reporter-output>
          </reporter-output>
        </test-method> <!-- beforeSuite -->
        <test-method status="PASS" signature="beforeTest()[pri:0, instance:Heloo.NewTest@76f2b07d]" name="beforeTest" is-config="true" duration-ms="1" started-at="2023-04-15T10:11:54 IST" finished-at="2023-04-15T10:11:54 IST">
          <reporter-output>
          </reporter-output>
        </test-method> <!-- beforeTest -->
        <test-method status="PASS" signature="beforeClass()[pri:0, instance:Heloo.NewTest@76f2b07d]" name="beforeClass" is-config="true" duration-ms="0" started-at="2023-04-15T10:11:54 IST" finished-at="2023-04-15T10:11:54 IST">
          <reporter-output>
          </reporter-output>
        </test-method> <!-- beforeClass -->
        <test-method status="PASS" signature="beforeMethod()[pri:0, instance:Heloo.NewTest@76f2b07d]" name="beforeMethod" is-config="true" duration-ms="0" started-at="2023-04-15T10:11:54 IST" finished-at="2023-04-15T10:11:54 IST">
          <reporter-output>
          </reporter-output>
        </test-method> <!-- beforeMethod -->
        <test-method status="PASS" signature="f()[pri:0, instance:Heloo.NewTest@76f2b07d]" name="f" duration-ms="9" started-at="2023-04-15T10:11:54 IST" finished-at="2023-04-15T10:11:54 IST">
          <reporter-output>
          </reporter-output>
        </test-method> <!-- f -->
        <test-method status="PASS" signature="afterMethod()[pri:0, instance:Heloo.NewTest@76f2b07d]" name="afterMethod" is-config="true" duration-ms="3" started-at="2023-04-15T10:11:54 IST" finished-at="2023-04-15T10:11:54 IST">
          <reporter-output>
          </reporter-output>
        </test-method> <!-- afterMethod -->
        <test-method status="PASS" signature="afterClass()[pri:0, instance:Heloo.NewTest@76f2b07d]" name="afterClass" is-config="true" duration-ms="0" started-at="2023-04-15T10:11:54 IST" finished-at="2023-04-15T10:11:54 IST">
          <reporter-output>
          </reporter-output>
        </test-method> <!-- afterClass -->
        <test-method status="PASS" signature="afterTest()[pri:0, instance:Heloo.NewTest@76f2b07d]" name="afterTest" is-config="true" duration-ms="0" started-at="2023-04-15T10:11:54 IST" finished-at="2023-04-15T10:11:54 IST">
          <reporter-output>
          </reporter-output>
        </test-method> <!-- afterTest -->
        <test-method status="PASS" signature="afterSuite()[pri:0, instance:Heloo.NewTest@76f2b07d]" name="afterSuite" is-config="true" duration-ms="0" started-at="2023-04-15T10:11:54 IST" finished-at="2023-04-15T10:11:54 IST">
          <reporter-output>
          </reporter-output>
        </test-method> <!-- afterSuite -->
      </class> <!-- Heloo.NewTest -->
    </test> <!-- Default test -->
  </suite> <!-- Default suite -->
</testng-results>
